0 info it worked if it ends with ok
1 verbose cli [ '/usr/local/Cellar/node/5.10.0/bin/node',
1 verbose cli   '/usr/local/bin/npm',
1 verbose cli   'run',
1 verbose cli   'react-project:start:dev' ]
2 info using npm@3.8.3
3 info using node@v5.10.0
4 verbose run-script [ 'prereact-project:start:dev',
4 verbose run-script   'react-project:start:dev',
4 verbose run-script   'postreact-project:start:dev' ]
5 info lifecycle colors@1.0.0~prereact-project:start:dev: colors@1.0.0
6 silly lifecycle colors@1.0.0~prereact-project:start:dev: no script for prereact-project:start:dev, continuing
7 info lifecycle colors@1.0.0~react-project:start:dev: colors@1.0.0
8 verbose lifecycle colors@1.0.0~react-project:start:dev: unsafe-perm in lifecycle true
9 verbose lifecycle colors@1.0.0~react-project:start:dev: PATH: /usr/local/lib/node_modules/npm/bin/node-gyp-bin:/Users/dougmarch/Projects/colors/node_modules/.bin:/usr/local/Cellar/node/5.10.0/bin:/usr/local/opt/rbenv/shims:/Users/dougmarch/.rbenv/bin:/usr/local/opt/rbenv/shims:/usr/local/opt/rbenv/bin:/usr/local/bin:/usr/bin:/bin:/usr/sbin:/sbin
10 verbose lifecycle colors@1.0.0~react-project:start:dev: CWD: /Users/dougmarch/Projects/colors
11 silly lifecycle colors@1.0.0~react-project:start:dev: Args: [ '-c', 'react-project start' ]
12 silly lifecycle colors@1.0.0~react-project:start:dev: Returned: code: 1  signal: null
13 info lifecycle colors@1.0.0~react-project:start:dev: Failed to exec react-project:start:dev script
14 verbose stack Error: colors@1.0.0 react-project:start:dev: `react-project start`
14 verbose stack Exit status 1
14 verbose stack     at EventEmitter.<anonymous> (/usr/local/lib/node_modules/npm/lib/utils/lifecycle.js:239:16)
14 verbose stack     at emitTwo (events.js:100:13)
14 verbose stack     at EventEmitter.emit (events.js:185:7)
14 verbose stack     at ChildProcess.<anonymous> (/usr/local/lib/node_modules/npm/lib/utils/spawn.js:24:14)
14 verbose stack     at emitTwo (events.js:100:13)
14 verbose stack     at ChildProcess.emit (events.js:185:7)
14 verbose stack     at maybeClose (internal/child_process.js:850:16)
14 verbose stack     at Process.ChildProcess._handle.onexit (internal/child_process.js:215:5)
15 verbose pkgid colors@1.0.0
16 verbose cwd /Users/dougmarch/Projects/colors
17 error Darwin 15.4.0
18 error argv "/usr/local/Cellar/node/5.10.0/bin/node" "/usr/local/bin/npm" "run" "react-project:start:dev"
19 error node v5.10.0
20 error npm  v3.8.3
21 error code ELIFECYCLE
22 error colors@1.0.0 react-project:start:dev: `react-project start`
22 error Exit status 1
23 error Failed at the colors@1.0.0 react-project:start:dev script 'react-project start'.
23 error Make sure you have the latest version of node.js and npm installed.
23 error If you do, this is most likely a problem with the colors package,
23 error not with npm itself.
23 error Tell the author that this fails on your system:
23 error     react-project start
23 error You can get information on how to open an issue for this project with:
23 error     npm bugs colors
23 error Or if that isn't available, you can get their info via:
23 error     npm owner ls colors
23 error There is likely additional logging output above.
24 verbose exit [ 1, true ]
